

/******************************************************************************************
* WriteStepFile diagnostics.
* Date:                           Tue Jul 20 15:00:22 2021 
* Produced by:                    The EXPRESS Data Manager Version 5.02.0100.07 : 28 Aug 2013
* Module:                         EDMstepFileFactory/EDMstandAlone
* Host:                           DVA052
* Database:                       C:\Users\ALESSA~1.SAN\AppData\Local\Temp\dfe8d84b-f31a-4d8d-83d2-0e3b9e10a2ff\655da73c-0515-4037-9327-69ad51799f84\ifc
* Database version:               5507
* Database creation date:         Tue Jul 20 15:00:19 2021
* Model:                          DataRepository.ifc
* Model creation date:            Tue Jul 20 15:00:19 2021
* Header model:                   DataRepository.ifc_HeaderModel
* Header model creation date:     Tue Jul 20 15:00:19 2021
* Step file:                      Architectural.ifc
* EDMuser:                        sdai-user
* EDMgroup:                       sdai-group
* License ID and type:            5605 : Permanent license. Expiry date: 
* EDMstepFileFactory options:     020000
******************************************************************************************/


------------------------------------------------------------------------------------------------
Operation terminated successfully.
------------------------------------------------------------------------------------------------

